<?xml version="1.0" encoding="UTF-8"?>
<testsuite name="Storage.StorageTest" tests="2" skipped="0" failures="0" errors="0" timestamp="2023-11-19T06:26:52" hostname="KENNETH-PC" time="0.032">
  <properties/>
  <testcase name="testSaveAndLoadTasksToFile()" classname="Storage.StorageTest" time="0.027"/>
  <testcase name="testCheckFolderExistence()" classname="Storage.StorageTest" time="0.004"/>
  <system-out><![CDATA[]]></system-out>
  <system-err><![CDATA[]]></system-err>
</testsuite>
