<?xml version="1.0" encoding="UTF-8"?>
<testsuite name="Parse.ParserTest" tests="6" skipped="0" failures="0" errors="0" timestamp="2023-11-19T06:26:52" hostname="KENNETH-PC" time="0.017">
  <properties/>
  <testcase name="testParseInvalidCommand()" classname="Parse.ParserTest" time="0.004"/>
  <testcase name="testCheckTimeOrNotWithInvalidInput()" classname="Parse.ParserTest" time="0.007"/>
  <testcase name="testFindIndexWithInvalidKeyword()" classname="Parse.ParserTest" time="0.0"/>
  <testcase name="testParseByeCommand()" classname="Parse.ParserTest" time="0.0"/>
  <testcase name="testParseListCommand()" classname="Parse.ParserTest" time="0.001"/>
  <testcase name="testFindIndexWithValidKeyword()" classname="Parse.ParserTest" time="0.001"/>
  <system-out><![CDATA[]]></system-out>
  <system-err><![CDATA[]]></system-err>
</testsuite>
