<?xml version="1.0" encoding="UTF-8"?>
<testsuite name="ParsedCommandTest" tests="6" skipped="0" failures="0" errors="0" timestamp="2023-11-19T06:26:52" hostname="KENNETH-PC" time="0.031">
  <properties/>
  <testcase name="testTaskCommandConstructor()" classname="ParsedCommandTest" time="0.018"/>
  <testcase name="testIndexCommandConstructor()" classname="ParsedCommandTest" time="0.001"/>
  <testcase name="testEventCommandConstructor()" classname="ParsedCommandTest" time="0.007"/>
  <testcase name="testFindDateCommandConstructor()" classname="ParsedCommandTest" time="0.0"/>
  <testcase name="testDeadlineCommandConstructor()" classname="ParsedCommandTest" time="0.0"/>
  <testcase name="testBasicCommandConstructor()" classname="ParsedCommandTest" time="0.0"/>
  <system-out><![CDATA[]]></system-out>
  <system-err><![CDATA[]]></system-err>
</testsuite>
